d:\work\projects\darkdream\engine\x64\template\animation.obj
d:\work\projects\darkdream\engine\x64\template\bglayer.obj
d:\work\projects\darkdream\engine\x64\template\bglayerrenderer.obj
d:\work\projects\darkdream\engine\x64\template\camera.obj
d:\work\projects\darkdream\engine\x64\template\debugrenderer.obj
d:\work\projects\darkdream\engine\x64\template\engine.obj
d:\work\projects\darkdream\engine\x64\template\entity.obj
d:\work\projects\darkdream\engine\x64\template\entityrenderer.obj
d:\work\projects\darkdream\engine\x64\template\filesystem.obj
d:\work\projects\darkdream\engine\x64\template\font.obj
d:\work\projects\darkdream\engine\x64\template\inputsystem.obj
d:\work\projects\darkdream\engine\x64\template\itementity.obj
d:\work\projects\darkdream\engine\x64\template\model.obj
d:\work\projects\darkdream\engine\x64\template\objectfactory.obj
d:\work\projects\darkdream\engine\x64\template\particlerenderer.obj
d:\work\projects\darkdream\engine\x64\template\playerentity.obj
d:\work\projects\darkdream\engine\x64\template\render2d.obj
d:\work\projects\darkdream\engine\x64\template\renderableentity.obj
d:\work\projects\darkdream\engine\x64\template\rendersystem.obj
d:\work\projects\darkdream\engine\x64\template\resource.obj
d:\work\projects\darkdream\engine\x64\template\spacepartlist.obj
d:\work\projects\darkdream\engine\x64\template\staticentity.obj
d:\work\projects\darkdream\engine\x64\template\terrain.obj
d:\work\projects\darkdream\engine\x64\template\terrainrenderer.obj
d:\work\projects\darkdream\engine\x64\template\trigger.obj
d:\work\projects\darkdream\engine\x64\template\world.obj
d:\work\projects\darkdream\engine\x64\template\vc143.pdb
d:\work\projects\darkdream\engine\x64\template\engine.tlog\cl.command.1.tlog
